<?xml version="1.0" encoding="UTF-8"?>

<mule xmlns:ee="http://www.mulesoft.org/schema/mule/ee/core" xmlns:http="http://www.mulesoft.org/schema/mule/http"
	xmlns="http://www.mulesoft.org/schema/mule/core"
	xmlns:doc="http://www.mulesoft.org/schema/mule/documentation" xmlns:xsi="http://www.w3.org/2001/XMLSchema-instance" xsi:schemaLocation="http://www.mulesoft.org/schema/mule/core http://www.mulesoft.org/schema/mule/core/current/mule.xsd
http://www.mulesoft.org/schema/mule/http http://www.mulesoft.org/schema/mule/http/current/mule-http.xsd
http://www.mulesoft.org/schema/mule/ee/core http://www.mulesoft.org/schema/mule/ee/core/current/mule-ee.xsd">
	<http:listener-config name="HTTP_Listener_config" doc:name="HTTP Listener config" doc:id="5edc6228-e8b3-4717-859e-f02bfae05095" >
		<http:listener-connection host="0.0.0.0" port="8081" />
	</http:listener-config>
	<flow name="test-git-sapiFlow" doc:id="4f3e94c2-b775-4c4f-b3ef-920672208359" >
		<http:listener doc:name="Listener" doc:id="9712767d-89e5-4e99-9e5a-6e740fed4c0b" config-ref="HTTP_Listener_config" path="/gittest"/>
		<ee:transform doc:name="Transform Message" doc:id="39a6bf9e-03af-41b9-9fa7-f60e05e93e31" >
			<ee:message >
				<ee:set-payload ><![CDATA[%dw 2.0
output application/json
---
payload]]></ee:set-payload>
			</ee:message>
		</ee:transform>
		<logger level="INFO" doc:name="Logger" doc:id="2fa59251-921a-4c88-86cb-522df9d42981" />
	</flow>
</mule>
